<?xml version="1.0" encoding="UTF-8"?>
<!-- Generated by org.testng.reporters.JUnitXMLReporter -->
<testsuite ignored="0" hostname="DESKTOP-IVN0HLE" failures="0" tests="11" name="Edge" time="3.174" errors="0" timestamp="2024-05-11T02:10:22 IST">
  <testcase classname="testNGTestCases.TC01_VerifyLoginFunctionality" name="loginUsingInvalidCredential" time="0.202"/>
  <testcase classname="testNGTestCases.TC01_VerifyLoginFunctionality" name="loginUsingValidCredential" time="0.213"/>
  <testcase classname="testNGTestCases.TC02_VerifySortFunctionality" name="MethodOfSort" time="0.103"/>
  <testcase classname="testNGTestCases.TC02_VerifySortFunctionality" name="verifySort" time="0.101"/>
  <testcase classname="testNGTestCases.TC03_verifyCartFunctionality" name="addProductToCart" time="0.106"/>
  <testcase classname="testNGTestCases.TC03_verifyCartFunctionality" name="verifyProduct" time="0.019"/>
  <testcase classname="testNGTestCases.TC03_verifyCartFunctionality" name="removeProduct" time="0.075"/>
  <testcase classname="testNGTestCases.TC03_verifyCartFunctionality" name="navigateToprodDescPage" time="0.039"/>
  <testcase classname="testNGTestCases.TC03_verifyCartFunctionality" name="addCartinProdDescPage" time="0.069"/>
  <testcase classname="testNGTestCases.TC03_verifyCartFunctionality" name="checkOut" time="0.402"/>
  <testcase classname="testNGTestCases.TC04_VerifyLogoutFunctionality" name="logout" time="0.129"/>
</testsuite> <!-- Edge -->
