<?xml version="1.0" encoding="UTF-8"?>
<testsuite xmlns:xsi="http://www.w3.org/2001/XMLSchema-instance" xsi:noNamespaceSchemaLocation="https://maven.apache.org/surefire/maven-surefire-plugin/xsd/surefire-test-report-3.0.xsd" version="3.0" name="TestSuite" time="18.649" tests="17" errors="0" skipped="0" failures="0">
  <properties>
[...]
</properties>
  <testcase name="runScenario[&quot;Verify Login functionality&quot;, &quot;Testing ShoppersStop Website&quot;](1)" classname="cucumberTestRunner.TestRunner" time="1.644">
    <system-out><![CDATA[
Scenario: Verify Login functionality     # feature/cucumber.feature:3
Swag Labs
Correct website is Launched
03:26:35.036 [main] INFO  factory.BaseClass - ----Correct Website Launched Successfully----
  Given user is on Saucedemo.com website # cucumberStepDefinition.TC01_VerifyLoginFunctionality.user_is_on_shoppers_stop_com_website()

    Embedding Verify Login functionality [image/png 41973 bytes]

SauceDemo Logo is Displayed
03:26:35.346 [main] INFO  factory.BaseClass - ----SauceDemo Logo is Displayed----
  And verifying the logo of webpage      # cucumberStepDefinition.TC01_VerifyLoginFunctionality.verifying_the_logo_of_webpage()

    Embedding Verify Login functionality [image/png 41973 bytes]

Epic sadface: Username and password do not match any user in this service
captured error while logging in using the invalid credential
03:26:35.721 [main] INFO  factory.BaseClass - ----captured error while logging in using the invalid credential----
  When Logging using Invalid Credential  # cucumberStepDefinition.TC01_VerifyLoginFunctionality.loginUsingInvalidCredential()

    Embedding Verify Login functionality [image/png 47540 bytes]

logging in using the valid credential
03:26:36.099 [main] INFO  factory.BaseClass - ----logging in using the valid credential----
  When Logging using valid Credential    # cucumberStepDefinition.TC01_VerifyLoginFunctionality.loginUsingValidCredential()

    Embedding Verify Login functionality [image/png 396182 bytes]

]]></system-out>
  </testcase>
  <testcase name="runScenario[&quot;Verify Sort Functionality&quot;, &quot;Testing ShoppersStop Website&quot;](2)" classname="cucumberTestRunner.TestRunner" time="0.732">
    <system-out><![CDATA[
Scenario: Verify Sort Functionality # feature/cucumber.feature:9
selected the sorting method successfully
03:26:36.609 [main] INFO  factory.BaseClass - ----selected the sorting method successfully----
  Then Selecting method of sorting  # cucumberStepDefinition.TC02_VerifySortFunctionality.MethodOfSort()

    Embedding Verify Sort Functionality [image/png 364661 bytes]

sort Successful
verified the sort function successfully
03:26:36.906 [main] INFO  factory.BaseClass - ----verified the sort function successfully----
  Then verify sort functionality    # cucumberStepDefinition.TC02_VerifySortFunctionality.verifySort()

    Embedding Verify Sort Functionality [image/png 364661 bytes]

]]></system-out>
  </testcase>
  <testcase name="runScenario[&quot;Verifying Cart functionality&quot;, &quot;Testing ShoppersStop Website&quot;](3)" classname="cucumberTestRunner.TestRunner" time="1.84">
    <system-out><![CDATA[
Scenario: Verifying Cart functionality         # feature/cucumber.feature:13
product added to cart successfully
03:26:37.336 [main] INFO  factory.BaseClass - ----product added to cart successfully----
  When adding product to cart                  # cucumberStepDefinition.TC03_verifyCartFunctionality.addProductToCart()

    Embedding Verifying Cart functionality [image/png 65209 bytes]

verified the product added to cart successfully
03:26:37.506 [main] INFO  factory.BaseClass - ----verified the product added to cart successfully----
  Then verifying the product added to cart     # cucumberStepDefinition.TC03_verifyCartFunctionality.verifyProduct()

    Embedding Verifying Cart functionality [image/png 65209 bytes]

product removed from the cart successfully
03:26:37.760 [main] INFO  factory.BaseClass - ----product removed from the cart successfully----
  Then remove the product from cart            # cucumberStepDefinition.TC03_verifyCartFunctionality.removeProduct()

    Embedding Verifying Cart functionality [image/png 396182 bytes]

navigated to product description successfully
03:26:38.003 [main] INFO  factory.BaseClass - ----navigated to product description successfully----
  Then navigate to product description page    # cucumberStepDefinition.TC03_verifyCartFunctionality.navigateToprodDescPage()

    Embedding Verifying Cart functionality [image/png 196769 bytes]

product added to cart successfully
03:26:38.251 [main] INFO  factory.BaseClass - ----product added to cart successfully----
  Then add product to cart in description page # cucumberStepDefinition.TC03_verifyCartFunctionality.addCartinProdDescPage()

    Embedding Verifying Cart functionality [image/png 63324 bytes]

product checked out successfully
03:26:38.746 [main] INFO  factory.BaseClass - ----product checked out successfully----
  When clicking on checkout                    # cucumberStepDefinition.TC03_verifyCartFunctionality.checkOut()

    Embedding Verifying Cart functionality [image/png 396223 bytes]

]]></system-out>
  </testcase>
  <testcase name="runScenario[&quot;Verifying Logout functionality&quot;, &quot;Testing ShoppersStop Website&quot;](4)" classname="cucumberTestRunner.TestRunner" time="0.373">
    <system-out><![CDATA[
Scenario: Verifying Logout functionality # feature/cucumber.feature:21
Logged out Successfully
03:26:39.210 [main] INFO  factory.BaseClass - ----Logged out Successfully----
  When logging out the website           # cucumberStepDefinition.TC04_VerifyLogoutFunctionality.logout()

    Embedding Verifying Logout functionality [image/png 41973 bytes]

]]></system-out>
  </testcase>
  <testcase name="user_is_on_shoppers_stop_com_website" classname="testNGTestCases.TC04_VerifyLogoutFunctionality" time="0.184">
    <system-out><![CDATA[The user is on saucedemo.com website. 
Swag Labs
Correct website is Launched
03:26:44.921 [main] INFO  factory.BaseClass - ----Correct Website Launched Successfully----
]]></system-out>
    <system-err><![CDATA[┌──────────────────────────────────────────────────────────────────────────┐
│ View your Cucumber Report at:                                            │
│ https://reports.cucumber.io/reports/c99c55f8-6f82-481c-b603-3a5b86c0fa9a │
│                                                                          │
│ This report will self-destruct in 24h.                                   │
│ Keep reports forever: https://reports.cucumber.io/profile                │
└──────────────────────────────────────────────────────────────────────────┘]]></system-err>
  </testcase>
  <testcase name="verifying_the_logo_of_webpage" classname="testNGTestCases.TC04_VerifyLogoutFunctionality" time="0.172">
    <system-out><![CDATA[SauceDemo Logo is Displayed
03:26:45.112 [main] INFO  factory.BaseClass - ----SauceDemo Logo is Displayed----
]]></system-out>
  </testcase>
  <testcase name="loginUsingInvalidCredential" classname="testNGTestCases.TC04_VerifyLogoutFunctionality" time="0.331">
    <system-out><![CDATA[Epic sadface: Username and password do not match any user in this service
captured error while logging in using the invalid credential
03:26:45.447 [main] INFO  factory.BaseClass - ----captured error while logging in using the invalid credential----
]]></system-out>
  </testcase>
  <testcase name="loginUsingValidCredential" classname="testNGTestCases.TC04_VerifyLogoutFunctionality" time="0.471">
    <system-out><![CDATA[logging in using the valid credential
03:26:45.822 [main] INFO  factory.BaseClass - ----logging in using the valid credential----
]]></system-out>
  </testcase>
  <testcase name="MethodOfSort" classname="testNGTestCases.TC04_VerifyLogoutFunctionality" time="0.255">
    <system-out><![CDATA[selected the sorting method successfully
03:26:46.154 [main] INFO  factory.BaseClass - ----selected the sorting method successfully----
]]></system-out>
  </testcase>
  <testcase name="verifySort" classname="testNGTestCases.TC04_VerifyLogoutFunctionality" time="0.263">
    <system-out><![CDATA[sort Successful
verified the sort function successfully
03:26:46.415 [main] INFO  factory.BaseClass - ----verified the sort function successfully----
]]></system-out>
  </testcase>
  <testcase name="addProductToCart" classname="testNGTestCases.TC04_VerifyLogoutFunctionality" time="0.231">
    <system-out><![CDATA[product added to cart successfully
03:26:46.685 [main] INFO  factory.BaseClass - ----product added to cart successfully----
]]></system-out>
  </testcase>
  <testcase name="verifyProduct" classname="testNGTestCases.TC04_VerifyLogoutFunctionality" time="0.155">
    <system-out><![CDATA[verified the product added to cart successfully
03:26:46.833 [main] INFO  factory.BaseClass - ----verified the product added to cart successfully----
]]></system-out>
  </testcase>
  <testcase name="removeProduct" classname="testNGTestCases.TC04_VerifyLogoutFunctionality" time="0.256">
    <system-out><![CDATA[product removed from the cart successfully
03:26:47.052 [main] INFO  factory.BaseClass - ----product removed from the cart successfully----
]]></system-out>
  </testcase>
  <testcase name="navigateToprodDescPage" classname="testNGTestCases.TC04_VerifyLogoutFunctionality" time="0.2">
    <system-out><![CDATA[navigated to product description successfully
03:26:47.268 [main] INFO  factory.BaseClass - ----navigated to product description successfully----
]]></system-out>
  </testcase>
  <testcase name="addCartinProdDescPage" classname="testNGTestCases.TC04_VerifyLogoutFunctionality" time="0.208">
    <system-out><![CDATA[product added to cart successfully
03:26:47.496 [main] INFO  factory.BaseClass - ----product added to cart successfully----
]]></system-out>
  </testcase>
  <testcase name="checkOut" classname="testNGTestCases.TC04_VerifyLogoutFunctionality" time="0.56">
    <system-out><![CDATA[product checked out successfully
03:26:48.024 [main] INFO  factory.BaseClass - ----product checked out successfully----
]]></system-out>
  </testcase>
  <testcase name="logout" classname="testNGTestCases.TC04_VerifyLogoutFunctionality" time="0.262">
    <system-out><![CDATA[Logged out Successfully
03:26:48.324 [main] INFO  factory.BaseClass - ----Logged out Successfully----
]]></system-out>
  </testcase>
</testsuite>