<?xml version="1.0" encoding="UTF-8"?>
<!-- Generated by org.testng.reporters.JUnitXMLReporter -->
<testsuite ignored="0" hostname="DESKTOP-IVN0HLE" failures="0" tests="13" name="Edge" time="3.558" errors="0" timestamp="2024-05-11T03:26:48 IST">
  <testcase classname="testNGTestCases.TC01_VerifyLoginFunctionality" name="user_is_on_shoppers_stop_com_website" time="0.063"/>
  <testcase classname="testNGTestCases.TC01_VerifyLoginFunctionality" name="verifying_the_logo_of_webpage" time="0.048"/>
  <testcase classname="testNGTestCases.TC01_VerifyLoginFunctionality" name="loginUsingInvalidCredential" time="0.215"/>
  <testcase classname="testNGTestCases.TC01_VerifyLoginFunctionality" name="loginUsingValidCredential" time="0.258"/>
  <testcase classname="testNGTestCases.TC02_VerifySortFunctionality" name="MethodOfSort" time="0.114"/>
  <testcase classname="testNGTestCases.TC02_VerifySortFunctionality" name="verifySort" time="0.118"/>
  <testcase classname="testNGTestCases.TC03_verifyCartFunctionality" name="addProductToCart" time="0.126"/>
  <testcase classname="testNGTestCases.TC03_verifyCartFunctionality" name="verifyProduct" time="0.043"/>
  <testcase classname="testNGTestCases.TC03_verifyCartFunctionality" name="removeProduct" time="0.109"/>
  <testcase classname="testNGTestCases.TC03_verifyCartFunctionality" name="navigateToprodDescPage" time="0.067"/>
  <testcase classname="testNGTestCases.TC03_verifyCartFunctionality" name="addCartinProdDescPage" time="0.093"/>
  <testcase classname="testNGTestCases.TC03_verifyCartFunctionality" name="checkOut" time="0.409"/>
  <testcase classname="testNGTestCases.TC04_VerifyLogoutFunctionality" name="logout" time="0.15"/>
</testsuite> <!-- Edge -->
