<?xml version="1.0" encoding="UTF-8"?>
<testng-results ignored="0" total="11" passed="11" failed="0" skipped="0">
  <reporter-output>
  </reporter-output>
  <suite started-at="2024-05-11T02:10:18 IST" name="Suite" finished-at="2024-05-11T02:10:21 IST" duration-ms="3174">
    <groups>
    </groups>
    <test started-at="2024-05-11T02:10:18 IST" name="Edge" finished-at="2024-05-11T02:10:21 IST" duration-ms="3174">
      <class name="testNGTestCases.TC04_VerifyLogoutFunctionality">
        <test-method is-config="true" signature="siteLaunch()[pri:0, instance:testNGTestCases.TC04_VerifyLogoutFunctionality@424e1977]" started-at="2024-05-11T02:10:15 IST" name="siteLaunch" finished-at="2024-05-11T02:10:18 IST" duration-ms="3363" status="PASS">
          <reporter-output>
          </reporter-output>
        </test-method> <!-- siteLaunch -->
        <test-method signature="loginUsingInvalidCredential()[pri:1, instance:testNGTestCases.TC04_VerifyLogoutFunctionality@424e1977]" started-at="2024-05-11T02:10:18 IST" name="loginUsingInvalidCredential" finished-at="2024-05-11T02:10:19 IST" duration-ms="202" status="PASS">
          <reporter-output>
          </reporter-output>
        </test-method> <!-- loginUsingInvalidCredential -->
        <test-method signature="loginUsingValidCredential()[pri:2, instance:testNGTestCases.TC04_VerifyLogoutFunctionality@424e1977]" started-at="2024-05-11T02:10:19 IST" name="loginUsingValidCredential" finished-at="2024-05-11T02:10:19 IST" duration-ms="213" status="PASS">
          <reporter-output>
          </reporter-output>
        </test-method> <!-- loginUsingValidCredential -->
        <test-method signature="MethodOfSort()[pri:3, instance:testNGTestCases.TC04_VerifyLogoutFunctionality@424e1977]" started-at="2024-05-11T02:10:19 IST" name="MethodOfSort" finished-at="2024-05-11T02:10:19 IST" duration-ms="103" status="PASS">
          <reporter-output>
          </reporter-output>
        </test-method> <!-- MethodOfSort -->
        <test-method signature="verifySort()[pri:4, instance:testNGTestCases.TC04_VerifyLogoutFunctionality@424e1977]" started-at="2024-05-11T02:10:19 IST" name="verifySort" finished-at="2024-05-11T02:10:19 IST" duration-ms="101" status="PASS">
          <reporter-output>
          </reporter-output>
        </test-method> <!-- verifySort -->
        <test-method signature="addProductToCart()[pri:5, instance:testNGTestCases.TC04_VerifyLogoutFunctionality@424e1977]" started-at="2024-05-11T02:10:20 IST" name="addProductToCart" finished-at="2024-05-11T02:10:20 IST" duration-ms="106" status="PASS">
          <reporter-output>
          </reporter-output>
        </test-method> <!-- addProductToCart -->
        <test-method signature="verifyProduct()[pri:6, instance:testNGTestCases.TC04_VerifyLogoutFunctionality@424e1977]" started-at="2024-05-11T02:10:20 IST" name="verifyProduct" finished-at="2024-05-11T02:10:20 IST" duration-ms="19" status="PASS">
          <reporter-output>
          </reporter-output>
        </test-method> <!-- verifyProduct -->
        <test-method signature="removeProduct()[pri:7, instance:testNGTestCases.TC04_VerifyLogoutFunctionality@424e1977]" started-at="2024-05-11T02:10:20 IST" name="removeProduct" finished-at="2024-05-11T02:10:20 IST" duration-ms="75" status="PASS">
          <reporter-output>
          </reporter-output>
        </test-method> <!-- removeProduct -->
        <test-method signature="navigateToprodDescPage()[pri:8, instance:testNGTestCases.TC04_VerifyLogoutFunctionality@424e1977]" started-at="2024-05-11T02:10:20 IST" name="navigateToprodDescPage" finished-at="2024-05-11T02:10:20 IST" duration-ms="39" status="PASS">
          <reporter-output>
          </reporter-output>
        </test-method> <!-- navigateToprodDescPage -->
        <test-method signature="addCartinProdDescPage()[pri:9, instance:testNGTestCases.TC04_VerifyLogoutFunctionality@424e1977]" started-at="2024-05-11T02:10:20 IST" name="addCartinProdDescPage" finished-at="2024-05-11T02:10:20 IST" duration-ms="69" status="PASS">
          <reporter-output>
          </reporter-output>
        </test-method> <!-- addCartinProdDescPage -->
        <test-method signature="checkOut()[pri:10, instance:testNGTestCases.TC04_VerifyLogoutFunctionality@424e1977]" started-at="2024-05-11T02:10:21 IST" name="checkOut" finished-at="2024-05-11T02:10:21 IST" duration-ms="402" status="PASS">
          <reporter-output>
          </reporter-output>
        </test-method> <!-- checkOut -->
        <test-method signature="logout()[pri:11, instance:testNGTestCases.TC04_VerifyLogoutFunctionality@424e1977]" started-at="2024-05-11T02:10:21 IST" name="logout" finished-at="2024-05-11T02:10:21 IST" duration-ms="129" status="PASS">
          <reporter-output>
          </reporter-output>
        </test-method> <!-- logout -->
        <test-method is-config="true" signature="tearDown()[pri:0, instance:testNGTestCases.TC04_VerifyLogoutFunctionality@424e1977]" started-at="2024-05-11T02:10:22 IST" name="tearDown" finished-at="2024-05-11T02:10:22 IST" duration-ms="146" status="PASS">
          <reporter-output>
          </reporter-output>
        </test-method> <!-- tearDown -->
      </class> <!-- testNGTestCases.TC04_VerifyLogoutFunctionality -->
    </test> <!-- Edge -->
  </suite> <!-- Suite -->
</testng-results>
